<?xml version="1.0" encoding="UTF-8"?>
<!-- Generated by org.testng.reporters.JUnitReportReporter -->
<testsuite hostname="KetkiS-SAG" failures="0" tests="2" name="com.orangehrm.testcases.LoginPageTest" time="14.292" errors="0" timestamp="2024-07-21T19:07:44 IST" skipped="0">
  <testcase classname="com.orangehrm.testcases.LoginPageTest" name="testInvalidLogin" time="7.753"/>
  <testcase classname="com.orangehrm.testcases.LoginPageTest" name="testSuccessfullLogin" time="6.539"/>
</testsuite> <!-- com.orangehrm.testcases.LoginPageTest -->
