<?xml version="1.0" encoding="UTF-8"?>
<!-- Generated by org.testng.reporters.JUnitReportReporter -->
<testsuite hostname="KetkiS-SAG" failures="0" tests="1" name="runners.TestRunner" time="5.929" errors="0" timestamp="2024-07-21T22:20:38 IST" skipped="0">
  <testcase classname="runners.TestRunner" name="runScenario" time="5.929"/>
</testsuite> <!-- runners.TestRunner -->
