<?xml version="1.0" encoding="UTF-8"?>
<!-- Generated by org.testng.reporters.JUnitReportReporter -->
<testsuite hostname="KetkiS-SAG" failures="0" tests="2" name="com.orangehrm.testcases.LoginPageTest" time="13.376" errors="0" timestamp="2024-07-20T08:45:19 IST" skipped="0">
  <testcase classname="com.orangehrm.testcases.LoginPageTest" name="testSuccessfullLogin" time="6.854"/>
  <testcase classname="com.orangehrm.testcases.LoginPageTest" name="testInvalidLogin" time="6.522"/>
</testsuite> <!-- com.orangehrm.testcases.LoginPageTest -->
